<?xml version="1.0" encoding="UTF-8" ?>
<testsuite tests="33" failures="0" name="com.sg.dao.DaoImplTest" time="5.96" errors="0" skipped="0">
  <properties>
[...]
</properties>
  <testcase classname="com.sg.dao.DaoImplTest" name="testGetAllOrganizations" time="0.42"/>
  <testcase classname="com.sg.dao.DaoImplTest" name="testAddHero" time="0.133"/>
  <testcase classname="com.sg.dao.DaoImplTest" name="testDeleteOrganizationById" time="0.114"/>
  <testcase classname="com.sg.dao.DaoImplTest" name="testUpdateOrganizationById" time="0.047"/>
  <testcase classname="com.sg.dao.DaoImplTest" name="testAddSigsting" time="0.243"/>
  <testcase classname="com.sg.dao.DaoImplTest" name="testAddOrganization" time="0.223"/>
  <testcase classname="com.sg.dao.DaoImplTest" name="testGetAllHeros" time="0.086"/>
  <testcase classname="com.sg.dao.DaoImplTest" name="testGetAllHerosBySuperpowerId" time="0.086"/>
  <testcase classname="com.sg.dao.DaoImplTest" name="testUpdateHeroById" time="0.047"/>
  <testcase classname="com.sg.dao.DaoImplTest" name="testGetAllSightings" time="0.318"/>
  <testcase classname="com.sg.dao.DaoImplTest" name="testUpdateSuperpowerById" time="0.164"/>
  <testcase classname="com.sg.dao.DaoImplTest" name="testGetOrganizationById" time="0.031"/>
  <testcase classname="com.sg.dao.DaoImplTest" name="testGetAllSuperpowers" time="0.032"/>
  <testcase classname="com.sg.dao.DaoImplTest" name="testGetSuperpowerById" time="0.047"/>
  <testcase classname="com.sg.dao.DaoImplTest" name="testGetAllSigstingsByLocationId" time="0.165"/>
  <testcase classname="com.sg.dao.DaoImplTest" name="testGetAllOrganizationsByLocationId" time="0.165"/>
  <testcase classname="com.sg.dao.DaoImplTest" name="testDeleteSuperpowerById" time="0.016"/>
  <testcase classname="com.sg.dao.DaoImplTest" name="testAddSuperpower" time="0.017"/>
  <testcase classname="com.sg.dao.DaoImplTest" name="testAddLocation" time="0.031"/>
  <testcase classname="com.sg.dao.DaoImplTest" name="testDeleteHeroById" time="0.063"/>
  <testcase classname="com.sg.dao.DaoImplTest" name="getAllSightingsByHeroId" time="0.145"/>
  <testcase classname="com.sg.dao.DaoImplTest" name="testGetAllHerosByOrganizationId" time="0.141"/>
  <testcase classname="com.sg.dao.DaoImplTest" name="testGetHeroById" time="0.062"/>
  <testcase classname="com.sg.dao.DaoImplTest" name="getAllOrganizationsByHeroId" time="0.062"/>
  <testcase classname="com.sg.dao.DaoImplTest" name="testDeleteSigstingById" time="0.15"/>
  <testcase classname="com.sg.dao.DaoImplTest" name="testGetAllSuperpowersByHeroId" time="0.141"/>
  <testcase classname="com.sg.dao.DaoImplTest" name="testGetSigstingById" time="0.106"/>
  <testcase classname="com.sg.dao.DaoImplTest" name="testDeleteLocationById" time="0.146"/>
  <testcase classname="com.sg.dao.DaoImplTest" name="testGetAllLocations" time="0.015"/>
  <testcase classname="com.sg.dao.DaoImplTest" name="testUpdateSigstingById" time="0.086"/>
  <testcase classname="com.sg.dao.DaoImplTest" name="testGetLocationById" time="0.093"/>
  <testcase classname="com.sg.dao.DaoImplTest" name="testUpdateLocationById" time="0.032"/>
  <testcase classname="com.sg.dao.DaoImplTest" name="testGetAllHerosBySightingId" time="0.051"/>
</testsuite>